<?xml version="1.0" encoding="UTF-8"?>
<testng-results skipped="0" failed="0" total="1" passed="1">
  <reporter-output>
  </reporter-output>
  <suite name="Default suite" duration-ms="24945" started-at="2018-11-21T07:55:21Z" finished-at="2018-11-21T07:55:46Z">
    <groups>
    </groups>
    <test name="Default test" duration-ms="24945" started-at="2018-11-21T07:55:21Z" finished-at="2018-11-21T07:55:46Z">
      <class name="pages.NewTest">
        <test-method status="PASS" signature="beforeMethod()[pri:0, instance:pages.NewTest@50c87b21]" name="beforeMethod" is-config="true" duration-ms="24902" started-at="2018-11-21T13:25:21Z" finished-at="2018-11-21T13:25:46Z">
          <reporter-output>
          </reporter-output>
        </test-method> <!-- beforeMethod -->
        <test-method status="PASS" signature="f()[pri:0, instance:pages.NewTest@50c87b21]" name="f" duration-ms="10" started-at="2018-11-21T13:25:46Z" finished-at="2018-11-21T13:25:46Z">
          <reporter-output>
          </reporter-output>
        </test-method> <!-- f -->
        <test-method status="PASS" signature="afterMethod()[pri:0, instance:pages.NewTest@50c87b21]" name="afterMethod" is-config="true" duration-ms="0" started-at="2018-11-21T13:25:46Z" finished-at="2018-11-21T13:25:46Z">
          <reporter-output>
          </reporter-output>
        </test-method> <!-- afterMethod -->
      </class> <!-- pages.NewTest -->
    </test> <!-- Default test -->
  </suite> <!-- Default suite -->
</testng-results>
